Arguments: 
  C:\Program Files\nodejs\node.exe C:\Program Files (x86)\Yarn\bin\yarn.js init

PATH: 
  C:\WINDOWS\system32;C:\WINDOWS;C:\WINDOWS\System32\Wbem;C:\WINDOWS\System32\WindowsPowerShell\v1.0\;C:\WINDOWS\System32\OpenSSH\;C:\Program Files\Git\cmd;C:\Program Files\dotnet\;C:\Program Files\Microsoft SQL Server\130\Tools\Binn\;C:\Program Files\Microsoft SQL Server\Client SDK\ODBC\170\Tools\Binn\;C:\Program Files\nodejs\;C:\Program Files\PowerShell\6\;C:\Program Files (x86)\Intel\Intel(R) Management Engine Components\DAL;C:\Program Files\Intel\Intel(R) Management Engine Components\DAL;C:\Program Files (x86)\Yarn\bin\;C:\Program Files\Intel\WiFi\bin\;C:\Program Files\Common Files\Intel\WirelessCommon\;C:\Users\70932\AppData\Roaming\local\bin;C:\Users\70932\.cargo\bin;C:\Users\70932\AppData\Roaming\cabal\bin;C:\Users\70932\AppData\Local\Microsoft\WindowsApps;C:\Program Files\Microsoft VS Code\bin;C:\Users\70932\AppData\Local\Programs\Microsoft VS Code\bin;C:\Users\70932\AppData\Local\Julia-1.0.0\bin;C:\Users\70932\.dotnet\tools;C:\Users\70932\AppData\Local\Pandoc\;C:\Users\70932\AppData\Roaming\npm;C:\Program Files\JetBrains\IntelliJ IDEA Community Edition 2019.2.2\bin;;C:\Users\70932\AppData\Local\Microsoft\WindowsApps;C:\Users\70932\AppData\Local\Programs\stack\x86_64-windows\ghc-8.6.4\bin;C:\Program Files\Haskell Platform\8.6.3\lib\extralibs\bin;C:\Users\70932\AppData\Local\Julia-1.2.0\bin;C:\Program Files\apache-maven-3.6.2\bin;C:\Program Files\jdk-13.0.1\bin;C:\hie\bin;C:\Users\70932\AppData\Local\Yarn\bin;C:\Program Files\emacs\bin;C:\texlive\2020\bin\win32

Yarn version: 
  1.21.1

Node version: 
  12.4.0

Platform: 
  win32 x64

Trace: 
  Error: canceled
      at Interface.<anonymous> (C:\Program Files (x86)\Yarn\lib\cli.js:136925:13)
      at Interface.emit (events.js:200:13)
      at Interface._ttyWrite (readline.js:877:16)
      at ReadStream.onkeypress (readline.js:189:10)
      at ReadStream.emit (events.js:200:13)
      at emitKeys (internal/readline.js:424:14)
      at emitKeys.next (<anonymous>)
      at ReadStream.onData (readline.js:1145:36)
      at ReadStream.emit (events.js:200:13)
      at addChunk (_stream_readable.js:294:12)

npm manifest: 
  {
  	"name": "qqbot",
  	"private": true,
  	"version": "0.1.0",
  	"engines": {
  		"node": ">=12.16.2"
  	},
  	"repository": "github:H4M5TER/workflow-bot",
  	"homepage": "https://github.com/h4m5ter/co-workflow-bot#readme",
  	"bugs": "https://github.com/h4m5ter/co-workflow-bot/issues",
  	"license": "MIT",
  	"author": "H4M5TER <zhuxx2003@163.com> (https://github.com/h4m5ter/)",
  	"dependencies": {
  		"koishi": "^1.9.0",
  		"koishi-database-mysql": "^1.1.7",
  		"mongodb": "^3.5.6"
  	},
  	"devDependencies": {
  		"@types/mongodb": "^3.5.9",
  		"@types/node": "^13.13.1",
  		"ts-node": "^8.9.0",
  		"typescript": "^3.8.3"
  	},
  	"scripts": {}
  }

yarn manifest: 
  No manifest

Lockfile: 
  No lockfile
